<?xml version="1.0" encoding="UTF-8"?>
<testng-results ignored="0" total="14" passed="14" failed="0" skipped="0">
  <reporter-output>
  </reporter-output>
  <suite started-at="2024-05-14T15:26:11 UZT" name="PetSute" finished-at="2024-05-14T15:26:28 UZT" duration-ms="16786">
    <groups>
    </groups>
    <test started-at="2024-05-14T15:26:11 UZT" name="PetTests" finished-at="2024-05-14T15:26:28 UZT" duration-ms="16786">
      <class name="tests.UserTests2">
        <test-method is-config="true" signature="setupDate()[pri:0, instance:tests.UserTests2@2118cddf]" started-at="2024-05-14T15:26:23 UZT" name="setupDate" finished-at="2024-05-14T15:26:23 UZT" duration-ms="98" status="PASS">
          <reporter-output>
          </reporter-output>
        </test-method> <!-- setupDate -->
        <test-method signature="testPOSTuser()[pri:1, instance:tests.UserTests2@2118cddf]" started-at="2024-05-14T15:26:23 UZT" name="testPOSTuser" finished-at="2024-05-14T15:26:24 UZT" duration-ms="1042" status="PASS">
          <reporter-output>
          </reporter-output>
        </test-method> <!-- testPOSTuser -->
        <test-method signature="testGetUserByName()[pri:2, instance:tests.UserTests2@2118cddf]" started-at="2024-05-14T15:26:24 UZT" name="testGetUserByName" finished-at="2024-05-14T15:26:25 UZT" duration-ms="951" status="PASS">
          <reporter-output>
          </reporter-output>
        </test-method> <!-- testGetUserByName -->
        <test-method signature="updateUserByName()[pri:3, instance:tests.UserTests2@2118cddf]" started-at="2024-05-14T15:26:25 UZT" name="updateUserByName" finished-at="2024-05-14T15:26:27 UZT" duration-ms="1928" status="PASS">
          <reporter-output>
          </reporter-output>
        </test-method> <!-- updateUserByName -->
        <test-method signature="testDeleteUserByName()[pri:4, instance:tests.UserTests2@2118cddf]" started-at="2024-05-14T15:26:27 UZT" name="testDeleteUserByName" finished-at="2024-05-14T15:26:28 UZT" duration-ms="956" status="PASS">
          <reporter-output>
          </reporter-output>
        </test-method> <!-- testDeleteUserByName -->
      </class> <!-- tests.UserTests2 -->
      <class name="tests.DDTests">
        <test-method signature="testPOSTUser(java.lang.String,java.lang.String,java.lang.String,java.lang.String,java.lang.String,java.lang.String,java.lang.String)[pri:1, instance:tests.DDTests@26b3fd41]" started-at="2024-05-14T15:26:12 UZT" name="testPOSTUser" data-provider="Data" finished-at="2024-05-14T15:26:14 UZT" duration-ms="1846" status="PASS">
          <params>
            <param index="0">
              <value>
                <![CDATA[1010]]>
              </value>
            </param>
            <param index="1">
              <value>
                <![CDATA[testUser1]]>
              </value>
            </param>
            <param index="2">
              <value>
                <![CDATA[John]]>
              </value>
            </param>
            <param index="3">
              <value>
                <![CDATA[Doe]]>
              </value>
            </param>
            <param index="4">
              <value>
                <![CDATA[john.doe@example.com]]>
              </value>
            </param>
            <param index="5">
              <value>
                <![CDATA[password1]]>
              </value>
            </param>
            <param index="6">
              <value>
                <![CDATA[+1234567890]]>
              </value>
            </param>
          </params>
          <reporter-output>
          </reporter-output>
        </test-method> <!-- testPOSTUser -->
        <test-method signature="testPOSTUser(java.lang.String,java.lang.String,java.lang.String,java.lang.String,java.lang.String,java.lang.String,java.lang.String)[pri:1, instance:tests.DDTests@26b3fd41]" started-at="2024-05-14T15:26:14 UZT" name="testPOSTUser" data-provider="Data" finished-at="2024-05-14T15:26:15 UZT" duration-ms="924" status="PASS">
          <params>
            <param index="0">
              <value>
                <![CDATA[1011]]>
              </value>
            </param>
            <param index="1">
              <value>
                <![CDATA[testUser2]]>
              </value>
            </param>
            <param index="2">
              <value>
                <![CDATA[Jane]]>
              </value>
            </param>
            <param index="3">
              <value>
                <![CDATA[Smith]]>
              </value>
            </param>
            <param index="4">
              <value>
                <![CDATA[jane.smith@example.com]]>
              </value>
            </param>
            <param index="5">
              <value>
                <![CDATA[password2]]>
              </value>
            </param>
            <param index="6">
              <value>
                <![CDATA[+1987654321]]>
              </value>
            </param>
          </params>
          <reporter-output>
          </reporter-output>
        </test-method> <!-- testPOSTUser -->
        <test-method signature="testPOSTUser(java.lang.String,java.lang.String,java.lang.String,java.lang.String,java.lang.String,java.lang.String,java.lang.String)[pri:1, instance:tests.DDTests@26b3fd41]" started-at="2024-05-14T15:26:15 UZT" name="testPOSTUser" data-provider="Data" finished-at="2024-05-14T15:26:16 UZT" duration-ms="962" status="PASS">
          <params>
            <param index="0">
              <value>
                <![CDATA[1012]]>
              </value>
            </param>
            <param index="1">
              <value>
                <![CDATA[testUser3]]>
              </value>
            </param>
            <param index="2">
              <value>
                <![CDATA[Alex]]>
              </value>
            </param>
            <param index="3">
              <value>
                <![CDATA[Jones]]>
              </value>
            </param>
            <param index="4">
              <value>
                <![CDATA[alex.jones@example.com]]>
              </value>
            </param>
            <param index="5">
              <value>
                <![CDATA[password3]]>
              </value>
            </param>
            <param index="6">
              <value>
                <![CDATA[+1122334455]]>
              </value>
            </param>
          </params>
          <reporter-output>
          </reporter-output>
        </test-method> <!-- testPOSTUser -->
        <test-method signature="testPOSTUser(java.lang.String,java.lang.String,java.lang.String,java.lang.String,java.lang.String,java.lang.String,java.lang.String)[pri:1, instance:tests.DDTests@26b3fd41]" started-at="2024-05-14T15:26:16 UZT" name="testPOSTUser" data-provider="Data" finished-at="2024-05-14T15:26:17 UZT" duration-ms="1060" status="PASS">
          <params>
            <param index="0">
              <value>
                <![CDATA[1013]]>
              </value>
            </param>
            <param index="1">
              <value>
                <![CDATA[testUser4]]>
              </value>
            </param>
            <param index="2">
              <value>
                <![CDATA[Emma]]>
              </value>
            </param>
            <param index="3">
              <value>
                <![CDATA[Brown]]>
              </value>
            </param>
            <param index="4">
              <value>
                <![CDATA[emma.brown@example.com]]>
              </value>
            </param>
            <param index="5">
              <value>
                <![CDATA[password4]]>
              </value>
            </param>
            <param index="6">
              <value>
                <![CDATA[+1567890123]]>
              </value>
            </param>
          </params>
          <reporter-output>
          </reporter-output>
        </test-method> <!-- testPOSTUser -->
        <test-method signature="testPOSTUser(java.lang.String,java.lang.String,java.lang.String,java.lang.String,java.lang.String,java.lang.String,java.lang.String)[pri:1, instance:tests.DDTests@26b3fd41]" started-at="2024-05-14T15:26:17 UZT" name="testPOSTUser" data-provider="Data" finished-at="2024-05-14T15:26:18 UZT" duration-ms="924" status="PASS">
          <params>
            <param index="0">
              <value>
                <![CDATA[1014]]>
              </value>
            </param>
            <param index="1">
              <value>
                <![CDATA[testUser5]]>
              </value>
            </param>
            <param index="2">
              <value>
                <![CDATA[Mike]]>
              </value>
            </param>
            <param index="3">
              <value>
                <![CDATA[Wilson]]>
              </value>
            </param>
            <param index="4">
              <value>
                <![CDATA[mike.wilson@example.com]]>
              </value>
            </param>
            <param index="5">
              <value>
                <![CDATA[password5]]>
              </value>
            </param>
            <param index="6">
              <value>
                <![CDATA[+1654321890]]>
              </value>
            </param>
          </params>
          <reporter-output>
          </reporter-output>
        </test-method> <!-- testPOSTUser -->
        <test-method signature="deleteUserByName(java.lang.String)[pri:2, instance:tests.DDTests@26b3fd41]" started-at="2024-05-14T15:26:18 UZT" name="deleteUserByName" data-provider="UsersName" finished-at="2024-05-14T15:26:19 UZT" duration-ms="930" status="PASS">
          <params>
            <param index="0">
              <value>
                <![CDATA[testUser1]]>
              </value>
            </param>
          </params>
          <reporter-output>
          </reporter-output>
        </test-method> <!-- deleteUserByName -->
        <test-method signature="deleteUserByName(java.lang.String)[pri:2, instance:tests.DDTests@26b3fd41]" started-at="2024-05-14T15:26:19 UZT" name="deleteUserByName" data-provider="UsersName" finished-at="2024-05-14T15:26:20 UZT" duration-ms="948" status="PASS">
          <params>
            <param index="0">
              <value>
                <![CDATA[testUser2]]>
              </value>
            </param>
          </params>
          <reporter-output>
          </reporter-output>
        </test-method> <!-- deleteUserByName -->
        <test-method signature="deleteUserByName(java.lang.String)[pri:2, instance:tests.DDTests@26b3fd41]" started-at="2024-05-14T15:26:20 UZT" name="deleteUserByName" data-provider="UsersName" finished-at="2024-05-14T15:26:21 UZT" duration-ms="942" status="PASS">
          <params>
            <param index="0">
              <value>
                <![CDATA[testUser3]]>
              </value>
            </param>
          </params>
          <reporter-output>
          </reporter-output>
        </test-method> <!-- deleteUserByName -->
        <test-method signature="deleteUserByName(java.lang.String)[pri:2, instance:tests.DDTests@26b3fd41]" started-at="2024-05-14T15:26:21 UZT" name="deleteUserByName" data-provider="UsersName" finished-at="2024-05-14T15:26:22 UZT" duration-ms="923" status="PASS">
          <params>
            <param index="0">
              <value>
                <![CDATA[testUser4]]>
              </value>
            </param>
          </params>
          <reporter-output>
          </reporter-output>
        </test-method> <!-- deleteUserByName -->
        <test-method signature="deleteUserByName(java.lang.String)[pri:2, instance:tests.DDTests@26b3fd41]" started-at="2024-05-14T15:26:22 UZT" name="deleteUserByName" data-provider="UsersName" finished-at="2024-05-14T15:26:23 UZT" duration-ms="917" status="PASS">
          <params>
            <param index="0">
              <value>
                <![CDATA[testUser5]]>
              </value>
            </param>
          </params>
          <reporter-output>
          </reporter-output>
        </test-method> <!-- deleteUserByName -->
      </class> <!-- tests.DDTests -->
    </test> <!-- PetTests -->
  </suite> <!-- PetSute -->
</testng-results>
