<?xml version="1.0" encoding="UTF-8"?>
<testng-results ignored="0" total="4" passed="4" failed="0" skipped="0">
  <reporter-output>
  </reporter-output>
  <suite started-at="2024-05-15T06:59:19 UZT" name="PetSute" finished-at="2024-05-15T06:59:25 UZT" duration-ms="6027">
    <groups>
    </groups>
    <test started-at="2024-05-15T06:59:19 UZT" name="PetTests" finished-at="2024-05-15T06:59:25 UZT" duration-ms="6027">
      <class name="tests.UserTests2">
        <test-method is-config="true" signature="setupDate()[pri:0, instance:tests.UserTests2@3c0be339]" started-at="2024-05-15T06:59:19 UZT" name="setupDate" finished-at="2024-05-15T06:59:19 UZT" duration-ms="443" status="PASS">
          <reporter-output>
          </reporter-output>
        </test-method> <!-- setupDate -->
        <test-method signature="testPOSTuser()[pri:1, instance:tests.UserTests2@3c0be339]" started-at="2024-05-15T06:59:19 UZT" name="testPOSTuser" finished-at="2024-05-15T06:59:21 UZT" duration-ms="1944" status="PASS">
          <reporter-output>
          </reporter-output>
        </test-method> <!-- testPOSTuser -->
        <test-method signature="testGetUserByName()[pri:2, instance:tests.UserTests2@3c0be339]" started-at="2024-05-15T06:59:21 UZT" name="testGetUserByName" finished-at="2024-05-15T06:59:22 UZT" duration-ms="929" status="PASS">
          <reporter-output>
          </reporter-output>
        </test-method> <!-- testGetUserByName -->
        <test-method signature="updateUserByName()[pri:3, instance:tests.UserTests2@3c0be339]" started-at="2024-05-15T06:59:22 UZT" name="updateUserByName" finished-at="2024-05-15T06:59:24 UZT" duration-ms="1807" status="PASS">
          <reporter-output>
          </reporter-output>
        </test-method> <!-- updateUserByName -->
        <test-method signature="testDeleteUserByName()[pri:4, instance:tests.UserTests2@3c0be339]" started-at="2024-05-15T06:59:24 UZT" name="testDeleteUserByName" finished-at="2024-05-15T06:59:25 UZT" duration-ms="884" status="PASS">
          <reporter-output>
          </reporter-output>
        </test-method> <!-- testDeleteUserByName -->
      </class> <!-- tests.UserTests2 -->
    </test> <!-- PetTests -->
  </suite> <!-- PetSute -->
</testng-results>
