<?xml version="1.0" encoding="UTF-8"?>
<!-- Generated by org.testng.reporters.JUnitXMLReporter -->
<testsuite ignored="0" hostname="VSULTANOV-L01" failures="0" tests="14" name="PetTests" time="16.786" errors="0" timestamp="2024-05-14T15:26:28 UZT">
  <testcase classname="tests.DDTests" name="testPOSTUser" time="1.846"/>
  <testcase classname="tests.DDTests" name="testPOSTUser" time="0.924"/>
  <testcase classname="tests.DDTests" name="testPOSTUser" time="0.962"/>
  <testcase classname="tests.DDTests" name="testPOSTUser" time="1.06"/>
  <testcase classname="tests.DDTests" name="testPOSTUser" time="0.924"/>
  <testcase classname="tests.DDTests" name="deleteUserByName" time="0.93"/>
  <testcase classname="tests.DDTests" name="deleteUserByName" time="0.948"/>
  <testcase classname="tests.DDTests" name="deleteUserByName" time="0.942"/>
  <testcase classname="tests.DDTests" name="deleteUserByName" time="0.923"/>
  <testcase classname="tests.DDTests" name="deleteUserByName" time="0.917"/>
  <testcase classname="tests.UserTests2" name="testPOSTuser" time="1.042"/>
  <testcase classname="tests.UserTests2" name="testGetUserByName" time="0.951"/>
  <testcase classname="tests.UserTests2" name="updateUserByName" time="1.928"/>
  <testcase classname="tests.UserTests2" name="testDeleteUserByName" time="0.956"/>
</testsuite> <!-- PetTests -->
