<?xml version="1.0" encoding="UTF-8"?>
<!-- Generated by org.testng.reporters.JUnitXMLReporter -->
<testsuite ignored="0" hostname="VSULTANOV-L01" failures="0" tests="14" name="PetTests" time="20.097" errors="0" timestamp="2024-05-14T14:47:38 UZT">
  <testcase classname="tests.DDTests" name="testPOSTUser" time="2.305"/>
  <testcase classname="tests.DDTests" name="testPOSTUser" time="0.924"/>
  <testcase classname="tests.DDTests" name="testPOSTUser" time="1.676"/>
  <testcase classname="tests.DDTests" name="testPOSTUser" time="1.274"/>
  <testcase classname="tests.DDTests" name="testPOSTUser" time="1.441"/>
  <testcase classname="tests.DDTests" name="deleteUserByName" time="0.927"/>
  <testcase classname="tests.DDTests" name="deleteUserByName" time="1.406"/>
  <testcase classname="tests.DDTests" name="deleteUserByName" time="0.92"/>
  <testcase classname="tests.DDTests" name="deleteUserByName" time="0.898"/>
  <testcase classname="tests.DDTests" name="deleteUserByName" time="0.929"/>
  <testcase classname="tests.UserTests2" name="testPOSTuser" time="1.239"/>
  <testcase classname="tests.UserTests2" name="testGetUserByName" time="1.5"/>
  <testcase classname="tests.UserTests2" name="updateUserByName" time="1.805"/>
  <testcase classname="tests.UserTests2" name="testDeleteUserByName" time="1.286"/>
</testsuite> <!-- PetTests -->
