<?xml version="1.0" encoding="UTF-8"?>
<!-- Generated by org.testng.reporters.JUnitXMLReporter -->
<testsuite ignored="0" hostname="VSULTANOV-L01" failures="0" tests="14" name="Surefire test" time="17.53" errors="0" timestamp="2024-05-14T15:08:53 UZT">
  <testcase classname="tests.DDTests" name="testPOSTUser" time="2.011"/>
  <testcase classname="tests.DDTests" name="testPOSTUser" time="0.953"/>
  <testcase classname="tests.DDTests" name="testPOSTUser" time="0.932"/>
  <testcase classname="tests.DDTests" name="testPOSTUser" time="1.473"/>
  <testcase classname="tests.DDTests" name="testPOSTUser" time="0.956"/>
  <testcase classname="tests.DDTests" name="deleteUserByName" time="0.979"/>
  <testcase classname="tests.DDTests" name="deleteUserByName" time="1.302"/>
  <testcase classname="tests.DDTests" name="deleteUserByName" time="0.924"/>
  <testcase classname="tests.DDTests" name="deleteUserByName" time="0.901"/>
  <testcase classname="tests.DDTests" name="deleteUserByName" time="0.917"/>
  <testcase classname="tests.UserTests" name="testPOSTuser" time="0.952"/>
  <testcase classname="tests.UserTests" name="testGetUserByName" time="0.948"/>
  <testcase classname="tests.UserTests" name="updateUserByName" time="1.823"/>
  <testcase classname="tests.UserTests" name="testDeleteUserByName" time="0.929"/>
</testsuite> <!-- Surefire test -->
